<?xml version="1.0" encoding="UTF-8"?>
<!-- Generated by org.testng.reporters.JUnitReportReporter -->
<testsuite hostname="DESKTOP-87FF9DH" failures="0" tests="2" name="runner.TestRunner" time="13.577" errors="0" timestamp="2020-05-28T17:02:57 NZST" skipped="0">
  <testcase classname="runner.TestRunner" name="runScenario" time="8.452"/>
  <system-out/>
  <testcase classname="runner.TestRunner" name="runScenario" time="5.125"/>
  <system-out/>
</testsuite> <!-- runner.TestRunner -->
